::1 - - [12/Jan/2025:06:01:27 +0000] "GET /user/login HTTP/1.1" 200 - "-" "Mozilla/5.0 (Macintosh; Intel Mac OS X 10_15_7) AppleWebKit/605.1.15 (KHTML, like Gecko) Version/18.2 Safari/605.1.15"
::1 - - [12/Jan/2025:06:03:07 +0000] "GET /user/login HTTP/1.1" 200 - "-" "Mozilla/5.0 (Macintosh; Intel Mac OS X 10_15_7) AppleWebKit/605.1.15 (KHTML, like Gecko) Version/18.2 Safari/605.1.15"
::1 - - [12/Jan/2025:06:14:15 +0000] "GET /user/login HTTP/1.1" 200 2339 "-" "Mozilla/5.0 (Macintosh; Intel Mac OS X 10_15_7) AppleWebKit/605.1.15 (KHTML, like Gecko) Version/18.2 Safari/605.1.15"
::1 - - [14/Jan/2025:02:40:44 +0000] "GET /user/login HTTP/1.1" 200 - "-" "Mozilla/5.0 (Macintosh; Intel Mac OS X 10_15_7) AppleWebKit/605.1.15 (KHTML, like Gecko) Version/18.2 Safari/605.1.15"
::1 - - [14/Jan/2025:02:40:44 +0000] "GET /apple-touch-icon-precomposed.png HTTP/1.1" 404 171 "-" "Safari/20620.1.16.11.8 CFNetwork/1568.300.101 Darwin/24.2.0"
::1 - - [14/Jan/2025:02:40:44 +0000] "GET /apple-touch-icon.png HTTP/1.1" 404 159 "-" "Safari/20620.1.16.11.8 CFNetwork/1568.300.101 Darwin/24.2.0"
::1 - - [14/Jan/2025:02:40:56 +0000] "GET /user/login HTTP/1.1" 200 - "-" "Mozilla/5.0 (Macintosh; Intel Mac OS X 10_15_7) AppleWebKit/605.1.15 (KHTML, like Gecko) Version/18.2 Safari/605.1.15"
::1 - - [14/Jan/2025:02:40:56 +0000] "GET /css/styles.css HTTP/1.1" 200 - "http://localhost:3000/user/login" "Mozilla/5.0 (Macintosh; Intel Mac OS X 10_15_7) AppleWebKit/605.1.15 (KHTML, like Gecko) Version/18.2 Safari/605.1.15"
::1 - - [14/Jan/2025:02:40:59 +0000] "POST /user/login HTTP/1.1" 200 255 "http://localhost:3000/user/login" "Mozilla/5.0 (Macintosh; Intel Mac OS X 10_15_7) AppleWebKit/605.1.15 (KHTML, like Gecko) Version/18.2 Safari/605.1.15"
::1 - - [14/Jan/2025:02:40:59 +0000] "GET /dashboard HTTP/1.1" 304 - "http://localhost:3000/user/login" "Mozilla/5.0 (Macintosh; Intel Mac OS X 10_15_7) AppleWebKit/605.1.15 (KHTML, like Gecko) Version/18.2 Safari/605.1.15"
::1 - - [14/Jan/2025:02:40:59 +0000] "GET /js/dashboard.js HTTP/1.1" 304 - "http://localhost:3000/dashboard" "Mozilla/5.0 (Macintosh; Intel Mac OS X 10_15_7) AppleWebKit/605.1.15 (KHTML, like Gecko) Version/18.2 Safari/605.1.15"
::1 - - [14/Jan/2025:02:40:59 +0000] "GET /css/styles.css HTTP/1.1" 304 - "http://localhost:3000/dashboard" "Mozilla/5.0 (Macintosh; Intel Mac OS X 10_15_7) AppleWebKit/605.1.15 (KHTML, like Gecko) Version/18.2 Safari/605.1.15"
::1 - - [14/Jan/2025:02:40:59 +0000] "GET /js/dashboard.js HTTP/1.1" 200 - "http://localhost:3000/dashboard" "Mozilla/5.0 (Macintosh; Intel Mac OS X 10_15_7) AppleWebKit/605.1.15 (KHTML, like Gecko) Version/18.2 Safari/605.1.15"
::1 - - [14/Jan/2025:02:41:00 +0000] "GET /api/expenses?page=1&limit=5 HTTP/1.1" 200 899 "http://localhost:3000/dashboard" "Mozilla/5.0 (Macintosh; Intel Mac OS X 10_15_7) AppleWebKit/605.1.15 (KHTML, like Gecko) Version/18.2 Safari/605.1.15"
::1 - - [14/Jan/2025:04:46:17 +0000] "GET /user/login HTTP/1.1" 200 - "-" "Mozilla/5.0 (Macintosh; Intel Mac OS X 10_15_7) AppleWebKit/605.1.15 (KHTML, like Gecko) Version/18.2 Safari/605.1.15"
::1 - - [14/Jan/2025:04:46:17 +0000] "GET /js/login.js HTTP/1.1" 200 - "http://localhost:3000/user/login" "Mozilla/5.0 (Macintosh; Intel Mac OS X 10_15_7) AppleWebKit/605.1.15 (KHTML, like Gecko) Version/18.2 Safari/605.1.15"
::1 - - [14/Jan/2025:04:46:21 +0000] "GET /user/login HTTP/1.1" 200 - "-" "Mozilla/5.0 (Macintosh; Intel Mac OS X 10_15_7) AppleWebKit/605.1.15 (KHTML, like Gecko) Version/18.2 Safari/605.1.15"
::1 - - [14/Jan/2025:04:46:21 +0000] "GET /css/styles.css HTTP/1.1" 304 - "http://localhost:3000/user/login" "Mozilla/5.0 (Macintosh; Intel Mac OS X 10_15_7) AppleWebKit/605.1.15 (KHTML, like Gecko) Version/18.2 Safari/605.1.15"
::1 - - [14/Jan/2025:04:46:21 +0000] "GET /js/login.js HTTP/1.1" 304 - "http://localhost:3000/user/login" "Mozilla/5.0 (Macintosh; Intel Mac OS X 10_15_7) AppleWebKit/605.1.15 (KHTML, like Gecko) Version/18.2 Safari/605.1.15"
::1 - - [14/Jan/2025:04:46:24 +0000] "POST /user/login HTTP/1.1" 200 255 "http://localhost:3000/user/login" "Mozilla/5.0 (Macintosh; Intel Mac OS X 10_15_7) AppleWebKit/605.1.15 (KHTML, like Gecko) Version/18.2 Safari/605.1.15"
::1 - - [14/Jan/2025:04:46:24 +0000] "GET /dashboard HTTP/1.1" 304 - "http://localhost:3000/user/login" "Mozilla/5.0 (Macintosh; Intel Mac OS X 10_15_7) AppleWebKit/605.1.15 (KHTML, like Gecko) Version/18.2 Safari/605.1.15"
::1 - - [14/Jan/2025:04:46:24 +0000] "GET /css/styles.css HTTP/1.1" 304 - "http://localhost:3000/dashboard" "Mozilla/5.0 (Macintosh; Intel Mac OS X 10_15_7) AppleWebKit/605.1.15 (KHTML, like Gecko) Version/18.2 Safari/605.1.15"
::1 - - [14/Jan/2025:04:46:24 +0000] "GET /js/dashboard.js HTTP/1.1" 304 - "http://localhost:3000/dashboard" "Mozilla/5.0 (Macintosh; Intel Mac OS X 10_15_7) AppleWebKit/605.1.15 (KHTML, like Gecko) Version/18.2 Safari/605.1.15"
::1 - - [14/Jan/2025:04:46:24 +0000] "GET /api/expenses?page=1&limit=5 HTTP/1.1" 304 - "http://localhost:3000/dashboard" "Mozilla/5.0 (Macintosh; Intel Mac OS X 10_15_7) AppleWebKit/605.1.15 (KHTML, like Gecko) Version/18.2 Safari/605.1.15"
::1 - - [14/Jan/2025:04:46:39 +0000] "GET /user/login HTTP/1.1" 200 - "-" "Mozilla/5.0 (Macintosh; Intel Mac OS X 10_15_7) AppleWebKit/605.1.15 (KHTML, like Gecko) Version/18.2 Safari/605.1.15"
::1 - - [14/Jan/2025:04:47:42 +0000] "GET /user/login HTTP/1.1" 200 - "-" "Mozilla/5.0 (Macintosh; Intel Mac OS X 10_15_7) AppleWebKit/605.1.15 (KHTML, like Gecko) Version/18.2 Safari/605.1.15"
::1 - - [14/Jan/2025:09:53:31 +0000] "GET / HTTP/1.1" 404 139 "-" "Mozilla/5.0 (Macintosh; Intel Mac OS X 10_15_7) AppleWebKit/605.1.15 (KHTML, like Gecko) Version/18.2 Safari/605.1.15"
::1 - - [14/Jan/2025:09:53:44 +0000] "GET /user/login HTTP/1.1" 200 - "-" "Mozilla/5.0 (Macintosh; Intel Mac OS X 10_15_7) AppleWebKit/605.1.15 (KHTML, like Gecko) Version/18.2 Safari/605.1.15"
::1 - - [14/Jan/2025:09:59:58 +0000] "GET /apple-touch-icon-precomposed.png HTTP/1.1" 404 171 "-" "com.apple.WebKit.Networking/20620.1.16.11.8 Network/4277.60.255 macOS/15.2"
::1 - - [14/Jan/2025:09:59:58 +0000] "GET /apple-touch-icon.png HTTP/1.1" 404 159 "-" "com.apple.WebKit.Networking/20620.1.16.11.8 Network/4277.60.255 macOS/15.2"
::1 - - [14/Jan/2025:09:59:58 +0000] "GET /favicon.ico HTTP/1.1" 404 150 "-" "com.apple.WebKit.Networking/20620.1.16.11.8 Network/4277.60.255 macOS/15.2"
::1 - - [14/Jan/2025:09:59:58 +0000] "GET /user/login HTTP/1.1" 200 - "-" "Mozilla/5.0 (Macintosh; Intel Mac OS X 10_11_1) AppleWebKit/601.2.4 (KHTML, like Gecko) Version/9.0.1 Safari/601.2.4 facebookexternalhit/1.1 Facebot Twitterbot/1.0"
::1 - - [14/Jan/2025:10:01:28 +0000] "GET /user/login HTTP/1.1" 304 - "-" "Mozilla/5.0 (Macintosh; Intel Mac OS X 10_15_7) AppleWebKit/605.1.15 (KHTML, like Gecko) Version/18.2 Safari/605.1.15"
::1 - - [14/Jan/2025:10:01:31 +0000] "GET /user/login HTTP/1.1" 200 - "-" "Mozilla/5.0 (Macintosh; Intel Mac OS X 10_15_7) AppleWebKit/605.1.15 (KHTML, like Gecko) Version/18.2 Safari/605.1.15"
::1 - - [14/Jan/2025:10:01:31 +0000] "GET /css/styles.css HTTP/1.1" 200 - "http://localhost:3000/user/login" "Mozilla/5.0 (Macintosh; Intel Mac OS X 10_15_7) AppleWebKit/605.1.15 (KHTML, like Gecko) Version/18.2 Safari/605.1.15"
::1 - - [14/Jan/2025:10:01:31 +0000] "GET /js/login.js HTTP/1.1" 200 - "http://localhost:3000/user/login" "Mozilla/5.0 (Macintosh; Intel Mac OS X 10_15_7) AppleWebKit/605.1.15 (KHTML, like Gecko) Version/18.2 Safari/605.1.15"
::1 - - [14/Jan/2025:10:07:14 +0000] "GET /user/login HTTP/1.1" 200 - "-" "Mozilla/5.0 (Macintosh; Intel Mac OS X 10_15_7) AppleWebKit/605.1.15 (KHTML, like Gecko) Version/18.2 Safari/605.1.15"
